Results of ktlint linter (version 0.44.0)
See documentation on https://megalinter.github.io/descriptors/kotlin_ktlint/
-----------------------------------------------

✅ [SUCCESS] app/src/main/java/com/narcissus/marketplace/di/ServiceLocator.kt
✅ [SUCCESS] app/src/main/java/com/narcissus/marketplace/ui/MainActivity.kt - FIXED
✅ [SUCCESS] app/src/main/java/com/narcissus/marketplace/ui/cart/CartAdapter.kt - FIXED
✅ [SUCCESS] app/src/main/java/com/narcissus/marketplace/ui/cart/CartFragment.kt
✅ [SUCCESS] app/src/main/java/com/narcissus/marketplace/ui/cart/CartItemViewHolder.kt
✅ [SUCCESS] app/src/main/java/com/narcissus/marketplace/ui/cart/IncreaseDecreaseAmountView.kt
✅ [SUCCESS] app/src/main/java/com/narcissus/marketplace/ui/catalog/CatalogFragment.kt
✅ [SUCCESS] app/src/main/java/com/narcissus/marketplace/ui/home/HomeFragment.kt - FIXED
✅ [SUCCESS] app/src/main/java/com/narcissus/marketplace/ui/home/HomeViewModel.kt
✅ [SUCCESS] app/src/main/java/com/narcissus/marketplace/ui/home/recycler/Decoration.kt
✅ [SUCCESS] app/src/main/java/com/narcissus/marketplace/ui/home/recycler/HomeScreenAdapter.kt
✅ [SUCCESS] app/src/main/java/com/narcissus/marketplace/ui/home/recycler/HomeScreenItem.kt - FIXED
✅ [SUCCESS] app/src/main/java/com/narcissus/marketplace/ui/product_details/ProductDetailsFragment.kt - FIXED
✅ [SUCCESS] app/src/main/java/com/narcissus/marketplace/ui/product_details/ProductDetailsViewModel.kt - FIXED
✅ [SUCCESS] app/src/main/java/com/narcissus/marketplace/ui/product_details/about/AboutProductAdapter.kt - FIXED
✅ [SUCCESS] app/src/main/java/com/narcissus/marketplace/ui/product_details/about/AboutProductItem.kt - FIXED
✅ [SUCCESS] app/src/main/java/com/narcissus/marketplace/ui/product_details/reviews/DividerItemDecorator.kt - FIXED
✅ [SUCCESS] app/src/main/java/com/narcissus/marketplace/ui/product_details/reviews/ReviewViewHolder.kt - FIXED
✅ [SUCCESS] app/src/main/java/com/narcissus/marketplace/ui/product_details/reviews/ReviewsAdapter.kt
✅ [SUCCESS] app/src/main/java/com/narcissus/marketplace/ui/product_details/reviews/ReviewsDiffUtilCallback.kt - FIXED
✅ [SUCCESS] app/src/main/java/com/narcissus/marketplace/ui/products/ProductViewHolder.kt
✅ [SUCCESS] app/src/main/java/com/narcissus/marketplace/ui/products/ProductsAdapter.kt
✅ [SUCCESS] app/src/main/java/com/narcissus/marketplace/ui/splash/SplashFragment.kt - FIXED
✅ [SUCCESS] app/src/main/java/com/narcissus/marketplace/ui/splash/SplashViewModel.kt - FIXED
✅ [SUCCESS] app/src/main/java/com/narcissus/marketplace/ui/user/UserFragment.kt
✅ [SUCCESS] data/src/androidTest/java/com/narcissus/marketplace/ExampleInstrumentedTest.kt - FIXED
✅ [SUCCESS] data/src/main/java/com/narcissus/marketplace/data/CartLocalRepositoryImpl.kt
✅ [SUCCESS] data/src/main/java/com/narcissus/marketplace/data/DepartmentsRepositoryImpl.kt
✅ [SUCCESS] data/src/main/java/com/narcissus/marketplace/data/DummyProducts.kt - FIXED
✅ [SUCCESS] data/src/main/java/com/narcissus/marketplace/data/OrderRepositoryImpl.kt
✅ [SUCCESS] data/src/main/java/com/narcissus/marketplace/data/ProductsDetailsRepositoryImpl.kt - FIXED
✅ [SUCCESS] data/src/main/java/com/narcissus/marketplace/data/ProductsPreviewRepositoryImpl.kt
✅ [SUCCESS] data/src/main/java/com/narcissus/marketplace/data/UserLocalRepositoryImpl.kt
✅ [SUCCESS] data/src/main/java/com/narcissus/marketplace/data/UserRemoteRepositoryImpl.kt
✅ [SUCCESS] data/src/test/java/com/narcissus/marketplace/ExampleUnitTest.kt - FIXED
✅ [SUCCESS] domain/src/main/java/com/narcissus/marketplace/model/Cart.kt
✅ [SUCCESS] domain/src/main/java/com/narcissus/marketplace/model/CartItem.kt - FIXED
✅ [SUCCESS] domain/src/main/java/com/narcissus/marketplace/model/Department.kt
✅ [SUCCESS] domain/src/main/java/com/narcissus/marketplace/model/DetailsAbout.kt - FIXED
✅ [SUCCESS] domain/src/main/java/com/narcissus/marketplace/model/Order.kt
✅ [SUCCESS] domain/src/main/java/com/narcissus/marketplace/model/ProductDetails.kt - FIXED
✅ [SUCCESS] domain/src/main/java/com/narcissus/marketplace/model/ProductPreview.kt
✅ [SUCCESS] domain/src/main/java/com/narcissus/marketplace/model/Review.kt
✅ [SUCCESS] domain/src/main/java/com/narcissus/marketplace/model/User.kt
✅ [SUCCESS] domain/src/main/java/com/narcissus/marketplace/repository/local/CartLocalRepository.kt - FIXED
✅ [SUCCESS] domain/src/main/java/com/narcissus/marketplace/repository/local/UserLocalRepository.kt - FIXED
✅ [SUCCESS] domain/src/main/java/com/narcissus/marketplace/repository/remote/DepartmentsRepository.kt - FIXED
✅ [SUCCESS] domain/src/main/java/com/narcissus/marketplace/repository/remote/OrderRepository.kt - FIXED
✅ [SUCCESS] domain/src/main/java/com/narcissus/marketplace/repository/remote/ProductsDetailsRepository.kt - FIXED
✅ [SUCCESS] domain/src/main/java/com/narcissus/marketplace/repository/remote/ProductsPreviewRepository.kt - FIXED
✅ [SUCCESS] domain/src/main/java/com/narcissus/marketplace/repository/remote/UserRemoteRepository.kt - FIXED
✅ [SUCCESS] domain/src/main/java/com/narcissus/marketplace/usecase/AddCard.kt - FIXED
✅ [SUCCESS] domain/src/main/java/com/narcissus/marketplace/usecase/AddToCart.kt - FIXED
✅ [SUCCESS] domain/src/main/java/com/narcissus/marketplace/usecase/GetAllProducts.kt - FIXED
✅ [SUCCESS] domain/src/main/java/com/narcissus/marketplace/usecase/GetCart.kt - FIXED
✅ [SUCCESS] domain/src/main/java/com/narcissus/marketplace/usecase/GetDepartments.kt - FIXED
✅ [SUCCESS] domain/src/main/java/com/narcissus/marketplace/usecase/GetOrderList.kt - FIXED
✅ [SUCCESS] domain/src/main/java/com/narcissus/marketplace/usecase/GetProductDetails.kt - FIXED
✅ [SUCCESS] domain/src/main/java/com/narcissus/marketplace/usecase/GetProductsByDepartmentId.kt - FIXED
✅ [SUCCESS] domain/src/main/java/com/narcissus/marketplace/usecase/GetRandomProducts.kt - FIXED
✅ [SUCCESS] domain/src/main/java/com/narcissus/marketplace/usecase/GetRecentlyVisitedProducts.kt - FIXED
✅ [SUCCESS] domain/src/main/java/com/narcissus/marketplace/usecase/GetTopRatedProducts.kt - FIXED
✅ [SUCCESS] domain/src/main/java/com/narcissus/marketplace/usecase/GetTopRatedProductsByDepartment.kt - FIXED
✅ [SUCCESS] domain/src/main/java/com/narcissus/marketplace/usecase/GetTopSalesProducts.kt - FIXED
✅ [SUCCESS] domain/src/main/java/com/narcissus/marketplace/usecase/GetTopSalesProductsByDepartment.kt - FIXED
✅ [SUCCESS] domain/src/main/java/com/narcissus/marketplace/usecase/GetUserData.kt - FIXED
✅ [SUCCESS] domain/src/main/java/com/narcissus/marketplace/usecase/MakeAnOrder.kt - FIXED
✅ [SUCCESS] domain/src/main/java/com/narcissus/marketplace/usecase/RemoveFromCart.kt - FIXED
✅ [SUCCESS] domain/src/main/java/com/narcissus/marketplace/usecase/SearchProducts.kt - FIXED
✅ [SUCCESS] domain/src/main/java/com/narcissus/marketplace/usecase/SignInWithEmail.kt - FIXED
✅ [SUCCESS] domain/src/main/java/com/narcissus/marketplace/usecase/SignInWithGoogle.kt - FIXED
✅ [SUCCESS] domain/src/main/java/com/narcissus/marketplace/usecase/SignOut.kt - FIXED
✅ [SUCCESS] domain/src/main/java/com/narcissus/marketplace/usecase/SignUpWithEmail.kt - FIXED
✅ [SUCCESS] domain/src/main/java/com/narcissus/marketplace/util/ActionResult.kt - FIXED
✅ [SUCCESS] domain/src/main/java/com/narcissus/marketplace/util/AuthResult.kt
✅ [SUCCESS] domain/src/main/java/com/narcissus/marketplace/util/SearchParams.kt - FIXED
